2023-05-11 14:16:55,718 DEBUG    root            Loaded Command Group: ['gcloud', 'components']
2023-05-11 14:16:55,720 DEBUG    root            Loaded Command Group: ['gcloud', 'components', 'install']
2023-05-11 14:16:55,721 DEBUG    root            Running [gcloud.components.install] with arguments: [COMPONENT-IDS:1: "['docker-credential-gcr']"]
2023-05-11 14:16:55,728 DEBUG    urllib3.connectionpool Starting new HTTPS connection (1): dl.google.com:443
2023-05-11 14:16:55,773 DEBUG    urllib3.connectionpool https://dl.google.com:443 "GET /dl/cloudsdk/channels/rapid/components-v430.0.0.json HTTP/1.1" 200 206157
2023-05-11 14:16:55,806 INFO     ___FILE_ONLY___ 

2023-05-11 14:16:55,806 INFO     ___FILE_ONLY___ 
Your current Google Cloud CLI version is: 430.0.0

2023-05-11 14:16:55,806 INFO     ___FILE_ONLY___ Installing components from version: 430.0.0

2023-05-11 14:16:55,806 INFO     ___FILE_ONLY___ 

2023-05-11 14:16:55,806 DEBUG    root            Chosen display Format:table[box,title="These components will be removed."](details.display_name:label=Name:align=left,version.version_string:label=Version:align=right,data.size.size(zero="",min=1048576):label=Size:align=right)
2023-05-11 14:16:55,807 DEBUG    root            Chosen display Format:table[box,title="These components will be updated."](details.display_name:label=Name:align=left,version.version_string:label=Version:align=right,data.size.size(zero="",min=1048576):label=Size:align=right)
2023-05-11 14:16:55,807 DEBUG    root            Chosen display Format:table[box,title="These components will be installed."](details.display_name:label=Name:align=left,version.version_string:label=Version:align=right,data.size.size(zero="",min=1048576):label=Size:align=right)
2023-05-11 14:16:55,808 INFO     ___FILE_ONLY___ ┌──────────────────────────────────────────────────────────────────────────┐
2023-05-11 14:16:55,808 INFO     ___FILE_ONLY___ 

2023-05-11 14:16:55,808 INFO     ___FILE_ONLY___ │                   These components will be installed.                    │
2023-05-11 14:16:55,808 INFO     ___FILE_ONLY___ 

2023-05-11 14:16:55,808 INFO     ___FILE_ONLY___ ├──────────────────────────────────────────────────────┬─────────┬─────────┤
2023-05-11 14:16:55,808 INFO     ___FILE_ONLY___ 

2023-05-11 14:16:55,808 INFO     ___FILE_ONLY___ │                         Name                         │ Version │   Size  │
2023-05-11 14:16:55,808 INFO     ___FILE_ONLY___ 

2023-05-11 14:16:55,808 INFO     ___FILE_ONLY___ ├──────────────────────────────────────────────────────┼─────────┼─────────┤
2023-05-11 14:16:55,808 INFO     ___FILE_ONLY___ 

2023-05-11 14:16:55,808 INFO     ___FILE_ONLY___ │ 
2023-05-11 14:16:55,808 INFO     ___FILE_ONLY___ Google Container Registry's Docker credential helper
2023-05-11 14:16:55,808 INFO     ___FILE_ONLY___  
2023-05-11 14:16:55,808 INFO     ___FILE_ONLY___ │ 
2023-05-11 14:16:55,808 INFO     ___FILE_ONLY___   1.5.0
2023-05-11 14:16:55,808 INFO     ___FILE_ONLY___  
2023-05-11 14:16:55,808 INFO     ___FILE_ONLY___ │ 
2023-05-11 14:16:55,808 INFO     ___FILE_ONLY___ 2.2 MiB
2023-05-11 14:16:55,808 INFO     ___FILE_ONLY___  
2023-05-11 14:16:55,808 INFO     ___FILE_ONLY___ │
2023-05-11 14:16:55,808 INFO     ___FILE_ONLY___ 

2023-05-11 14:16:55,808 INFO     ___FILE_ONLY___ └──────────────────────────────────────────────────────┴─────────┴─────────┘
2023-05-11 14:16:55,808 INFO     ___FILE_ONLY___ 

2023-05-11 14:16:55,808 INFO     ___FILE_ONLY___ 

2023-05-11 14:16:55,811 DEBUG    urllib3.connectionpool Starting new HTTPS connection (1): dl.google.com:443
2023-05-11 14:16:55,853 DEBUG    urllib3.connectionpool https://dl.google.com:443 "GET /dl/cloudsdk/channels/rapid/RELEASE_NOTES HTTP/1.1" 200 996550
2023-05-11 14:16:55,942 INFO     ___FILE_ONLY___ For the latest full release notes, please visit:
  https://cloud.google.com/sdk/release_notes


2023-05-11 14:16:57,223 INFO     ___FILE_ONLY___ ╔════════════════════════════════════════════════════════════╗

2023-05-11 14:16:57,223 INFO     ___FILE_ONLY___ ╠═ Creating update staging area                             ═╣

2023-05-11 14:16:57,223 INFO     ___FILE_ONLY___ ╚
2023-05-11 14:16:57,223 INFO     ___FILE_ONLY___ ══════
2023-05-11 14:16:57,224 INFO     ___FILE_ONLY___ ══════
2023-05-11 14:16:57,224 INFO     ___FILE_ONLY___ ══════
2023-05-11 14:16:57,648 INFO     ___FILE_ONLY___ ═
2023-05-11 14:16:57,790 INFO     ___FILE_ONLY___ ═
2023-05-11 14:16:58,036 INFO     ___FILE_ONLY___ ═
2023-05-11 14:16:58,197 INFO     ___FILE_ONLY___ ═
2023-05-11 14:16:58,393 INFO     ___FILE_ONLY___ ═
2023-05-11 14:16:58,607 INFO     ___FILE_ONLY___ ═
2023-05-11 14:16:58,768 INFO     ___FILE_ONLY___ ═
2023-05-11 14:16:58,988 INFO     ___FILE_ONLY___ ═
2023-05-11 14:16:59,130 INFO     ___FILE_ONLY___ ═
2023-05-11 14:16:59,254 INFO     ___FILE_ONLY___ ═
2023-05-11 14:16:59,634 INFO     ___FILE_ONLY___ ═
2023-05-11 14:16:59,793 INFO     ___FILE_ONLY___ ═
2023-05-11 14:16:59,930 INFO     ___FILE_ONLY___ ═
2023-05-11 14:17:00,034 INFO     ___FILE_ONLY___ ═
2023-05-11 14:17:00,146 INFO     ___FILE_ONLY___ ═
2023-05-11 14:17:00,257 INFO     ___FILE_ONLY___ ═
2023-05-11 14:17:00,383 INFO     ___FILE_ONLY___ ═
2023-05-11 14:17:00,518 INFO     ___FILE_ONLY___ ═
2023-05-11 14:17:00,650 INFO     ___FILE_ONLY___ ═
2023-05-11 14:17:00,769 INFO     ___FILE_ONLY___ ═
2023-05-11 14:17:00,882 INFO     ___FILE_ONLY___ ═
2023-05-11 14:17:01,019 INFO     ___FILE_ONLY___ ═
2023-05-11 14:17:01,159 INFO     ___FILE_ONLY___ ═
2023-05-11 14:17:01,296 INFO     ___FILE_ONLY___ ═
2023-05-11 14:17:01,435 INFO     ___FILE_ONLY___ ═
2023-05-11 14:17:01,588 INFO     ___FILE_ONLY___ ═
2023-05-11 14:17:01,725 INFO     ___FILE_ONLY___ ═
2023-05-11 14:17:01,870 INFO     ___FILE_ONLY___ ═
2023-05-11 14:17:02,005 INFO     ___FILE_ONLY___ ═
2023-05-11 14:17:02,182 INFO     ___FILE_ONLY___ ═
2023-05-11 14:17:02,355 INFO     ___FILE_ONLY___ ═
2023-05-11 14:17:02,495 INFO     ___FILE_ONLY___ ═
2023-05-11 14:17:02,625 INFO     ___FILE_ONLY___ ═
2023-05-11 14:17:02,783 INFO     ___FILE_ONLY___ ═
2023-05-11 14:17:02,948 INFO     ___FILE_ONLY___ ═
2023-05-11 14:17:03,190 INFO     ___FILE_ONLY___ ═
2023-05-11 14:17:03,474 INFO     ___FILE_ONLY___ ═
2023-05-11 14:17:03,585 INFO     ___FILE_ONLY___ ═
2023-05-11 14:17:03,660 INFO     ___FILE_ONLY___ ═
2023-05-11 14:17:03,725 INFO     ___FILE_ONLY___ ═
2023-05-11 14:17:03,788 INFO     ___FILE_ONLY___ ═
2023-05-11 14:17:03,887 INFO     ___FILE_ONLY___ ═
2023-05-11 14:17:03,887 INFO     ___FILE_ONLY___ ╝
2023-05-11 14:17:04,450 INFO     ___FILE_ONLY___ ╠════════════════════════════════════════════════════════════╣

2023-05-11 14:17:04,450 INFO     ___FILE_ONLY___ ╠═ Installing: Google Container Registry's Docker creden... ═╣

2023-05-11 14:17:04,450 INFO     ___FILE_ONLY___ ╚
2023-05-11 14:17:04,453 DEBUG    urllib3.connectionpool Starting new HTTPS connection (1): dl.google.com:443
2023-05-11 14:17:04,564 DEBUG    urllib3.connectionpool https://dl.google.com:443 "GET /dl/cloudsdk/channels/rapid/components/google-cloud-sdk-docker-credential-gcr-darwin-x86_64-20210205155736.tar.gz HTTP/1.1" 200 2266831
2023-05-11 14:17:04,719 INFO     ___FILE_ONLY___ ═
2023-05-11 14:17:04,719 INFO     ___FILE_ONLY___ ═
2023-05-11 14:17:04,720 INFO     ___FILE_ONLY___ ═
2023-05-11 14:17:04,720 INFO     ___FILE_ONLY___ ═
2023-05-11 14:17:04,720 INFO     ___FILE_ONLY___ ═
2023-05-11 14:17:04,721 INFO     ___FILE_ONLY___ ═
2023-05-11 14:17:04,721 INFO     ___FILE_ONLY___ ═
2023-05-11 14:17:04,721 INFO     ___FILE_ONLY___ ═
2023-05-11 14:17:04,722 INFO     ___FILE_ONLY___ ═
2023-05-11 14:17:04,722 INFO     ___FILE_ONLY___ ═
2023-05-11 14:17:04,722 INFO     ___FILE_ONLY___ ═
2023-05-11 14:17:04,722 INFO     ___FILE_ONLY___ ═
2023-05-11 14:17:04,723 INFO     ___FILE_ONLY___ ═
2023-05-11 14:17:04,723 INFO     ___FILE_ONLY___ ═
2023-05-11 14:17:04,723 INFO     ___FILE_ONLY___ ═
2023-05-11 14:17:04,724 INFO     ___FILE_ONLY___ ═
2023-05-11 14:17:04,724 INFO     ___FILE_ONLY___ ═
2023-05-11 14:17:04,724 INFO     ___FILE_ONLY___ ═
2023-05-11 14:17:04,724 INFO     ___FILE_ONLY___ ═
2023-05-11 14:17:04,725 INFO     ___FILE_ONLY___ ═
2023-05-11 14:17:04,725 INFO     ___FILE_ONLY___ ═
2023-05-11 14:17:04,725 INFO     ___FILE_ONLY___ ═
2023-05-11 14:17:04,725 INFO     ___FILE_ONLY___ ═
2023-05-11 14:17:04,726 INFO     ___FILE_ONLY___ ═
2023-05-11 14:17:04,726 INFO     ___FILE_ONLY___ ═
2023-05-11 14:17:04,726 INFO     ___FILE_ONLY___ ═
2023-05-11 14:17:04,727 INFO     ___FILE_ONLY___ ═
2023-05-11 14:17:04,727 INFO     ___FILE_ONLY___ ═
2023-05-11 14:17:04,727 INFO     ___FILE_ONLY___ ═
2023-05-11 14:17:04,728 INFO     ___FILE_ONLY___ ═
2023-05-11 14:17:04,811 INFO     ___FILE_ONLY___ ══════════════════════════════
2023-05-11 14:17:04,811 INFO     ___FILE_ONLY___ ╝
2023-05-11 14:17:04,814 INFO     ___FILE_ONLY___ ╠════════════════════════════════════════════════════════════╣

2023-05-11 14:17:04,814 INFO     ___FILE_ONLY___ ╠═ Installing: Google Container Registry's Docker creden... ═╣

2023-05-11 14:17:04,814 INFO     ___FILE_ONLY___ ╚
2023-05-11 14:17:04,817 INFO     ___FILE_ONLY___ ════════════════════════════════════════════════════════════
2023-05-11 14:17:04,817 INFO     ___FILE_ONLY___ ╝
2023-05-11 14:17:04,817 INFO     ___FILE_ONLY___ ╠════════════════════════════════════════════════════════════╣

2023-05-11 14:17:04,817 INFO     ___FILE_ONLY___ ╠═ Creating backup and activating new installation          ═╣

2023-05-11 14:17:04,817 INFO     ___FILE_ONLY___ ╚
2023-05-11 14:17:04,817 DEBUG    root            Attempting to move directory [/Users/quanianitis/google-cloud-sdk] to [/Users/quanianitis/google-cloud-sdk.staging/.install/.backup]
2023-05-11 14:17:04,817 INFO     ___FILE_ONLY___ ══════════════════════════════
2023-05-11 14:17:04,817 DEBUG    root            Attempting to move directory [/Users/quanianitis/google-cloud-sdk.staging] to [/Users/quanianitis/google-cloud-sdk]
2023-05-11 14:17:04,817 INFO     ___FILE_ONLY___ ══════════════════════════════
2023-05-11 14:17:04,817 INFO     ___FILE_ONLY___ ╝

2023-05-11 14:17:04,821 DEBUG    root            Updating notification cache...
2023-05-11 14:17:04,822 INFO     ___FILE_ONLY___ 

2023-05-11 14:17:04,822 INFO     ___FILE_ONLY___ Performing post processing steps...
2023-05-11 14:17:04,822 DEBUG    root            Executing command: ['python3', '-S', '/Users/quanianitis/google-cloud-sdk/lib/gcloud.py', 'components', 'post-process']
2023-05-11 14:17:20,701 DEBUG    ___FILE_ONLY___ 
2023-05-11 14:17:20,701 DEBUG    ___FILE_ONLY___ 
2023-05-11 14:17:20,876 INFO     ___FILE_ONLY___ 
Update done!


2023-05-11 14:17:20,889 DEBUG    root            Chosen display Format:none
2023-05-11 14:17:20,890 INFO     root            Display format: "none"
